0 info it worked if it ends with ok
1 verbose cli [ '/Users/redhendery/.nvm/versions/node/v5.8.0/bin/node',
1 verbose cli   '/Users/redhendery/.nvm/versions/node/v5.8.0/bin/npm',
1 verbose cli   'run',
1 verbose cli   'test' ]
2 info using npm@3.8.3
3 info using node@v5.8.0
4 verbose run-script [ 'pretest', 'test', 'posttest' ]
5 info lifecycle voting-server@1.0.0~pretest: voting-server@1.0.0
6 silly lifecycle voting-server@1.0.0~pretest: no script for pretest, continuing
7 info lifecycle voting-server@1.0.0~test: voting-server@1.0.0
8 verbose lifecycle voting-server@1.0.0~test: unsafe-perm in lifecycle true
9 verbose lifecycle voting-server@1.0.0~test: PATH: /Users/redhendery/.nvm/versions/node/v5.8.0/lib/node_modules/npm/bin/node-gyp-bin:/Users/redhendery/Documents/workspace/voting-server/node_modules/.bin:/Users/redhendery/.nvm/versions/node/v5.8.0/bin:/Users/redhendery/.nvm/versions/node/v5.8.0/bin:/usr/local/heroku/bin:/usr/local/bin:/usr/local/sbin:~/bin:/Users/redhendery/.rbenv/bin:/Users/redhendery/.rbenv/shims:/Users/redhendery/.rvm/gems/ruby-2.2.1/bin:/Users/redhendery/.rvm/gems/ruby-2.2.1@global/bin:/Users/redhendery/.rvm/rubies/ruby-2.2.1/bin:/usr/local/bin:/usr/bin:/bin:/usr/sbin:/sbin:/Users/redhendery/.rvm/bin:/Users/redhendery/.rvm/bin
10 verbose lifecycle voting-server@1.0.0~test: CWD: /Users/redhendery/Documents/workspace/voting-server
11 silly lifecycle voting-server@1.0.0~test: Args: [ '-c', 'mocha --compilers js:babel-core/register --recursive' ]
12 silly lifecycle voting-server@1.0.0~test: Returned: code: 1  signal: null
13 info lifecycle voting-server@1.0.0~test: Failed to exec test script
14 verbose stack Error: voting-server@1.0.0 test: `mocha --compilers js:babel-core/register --recursive`
14 verbose stack Exit status 1
14 verbose stack     at EventEmitter.<anonymous> (/Users/redhendery/.nvm/versions/node/v5.8.0/lib/node_modules/npm/lib/utils/lifecycle.js:239:16)
14 verbose stack     at emitTwo (events.js:100:13)
14 verbose stack     at EventEmitter.emit (events.js:185:7)
14 verbose stack     at ChildProcess.<anonymous> (/Users/redhendery/.nvm/versions/node/v5.8.0/lib/node_modules/npm/lib/utils/spawn.js:24:14)
14 verbose stack     at emitTwo (events.js:100:13)
14 verbose stack     at ChildProcess.emit (events.js:185:7)
14 verbose stack     at maybeClose (internal/child_process.js:850:16)
14 verbose stack     at Process.ChildProcess._handle.onexit (internal/child_process.js:215:5)
15 verbose pkgid voting-server@1.0.0
16 verbose cwd /Users/redhendery/Documents/workspace/voting-server
17 error Darwin 15.3.0
18 error argv "/Users/redhendery/.nvm/versions/node/v5.8.0/bin/node" "/Users/redhendery/.nvm/versions/node/v5.8.0/bin/npm" "run" "test"
19 error node v5.8.0
20 error npm  v3.8.3
21 error code ELIFECYCLE
22 error voting-server@1.0.0 test: `mocha --compilers js:babel-core/register --recursive`
22 error Exit status 1
23 error Failed at the voting-server@1.0.0 test script 'mocha --compilers js:babel-core/register --recursive'.
23 error Make sure you have the latest version of node.js and npm installed.
23 error If you do, this is most likely a problem with the voting-server package,
23 error not with npm itself.
23 error Tell the author that this fails on your system:
23 error     mocha --compilers js:babel-core/register --recursive
23 error You can get information on how to open an issue for this project with:
23 error     npm bugs voting-server
23 error Or if that isn't available, you can get their info via:
23 error     npm owner ls voting-server
23 error There is likely additional logging output above.
24 verbose exit [ 1, true ]
